[INFO] Error stacktraces are turned on.
[INFO] Scanning for projects...
[INFO] 
[INFO] ----------------< com.example:medical-response-backend >----------------
[INFO] Building medical-response-backend 0.0.1-SNAPSHOT
[INFO]   from pom.xml
[INFO] --------------------------------[ jar ]---------------------------------
[INFO] 
[INFO] --- clean:3.2.0:clean (default-clean) @ medical-response-backend ---
[INFO] Deleting Z:\hackathon\javaproject\javaproject\medical-response-backend\target
[INFO] 
[INFO] --- resources:3.3.1:resources (default-resources) @ medical-response-backend ---
[INFO] Copying 1 resource from src\main\resources to target\classes
[INFO] Copying 0 resource from src\main\resources to target\classes
[INFO] 
[INFO] --- compiler:3.11.0:compile (default-compile) @ medical-response-backend ---
[INFO] Changes detected - recompiling the module! :source
[INFO] Compiling 9 source files with javac [debug release 17] to target\classes
[INFO] -------------------------------------------------------------
[ERROR] COMPILATION ERROR : 
[INFO] -------------------------------------------------------------
[ERROR] /Z:/hackathon/javaproject/javaproject/medical-response-backend/src/main/java/com/example/medicalresponse/service/UserService.java:[15,47] cannot find symbol
  symbol:   method getUsername()
  location: variable user of type com.example.medicalresponse.model.User
[ERROR] /Z:/hackathon/javaproject/javaproject/medical-response-backend/src/main/java/com/example/medicalresponse/service/UserService.java:[18,44] cannot find symbol
  symbol:   method getEmail()
  location: variable user of type com.example.medicalresponse.model.User
[ERROR] /Z:/hackathon/javaproject/javaproject/medical-response-backend/src/main/java/com/example/medicalresponse/service/UserService.java:[27,31] cannot find symbol
  symbol:   method getPassword()
  location: variable u of type com.example.medicalresponse.model.User
[ERROR] /Z:/hackathon/javaproject/javaproject/medical-response-backend/src/main/java/com/example/medicalresponse/service/EmergencyService.java:[17,16] cannot find symbol
  symbol:   method setStatus(java.lang.String)
  location: variable request of type com.example.medicalresponse.model.EmergencyRequest
[ERROR] /Z:/hackathon/javaproject/javaproject/medical-response-backend/src/main/java/com/example/medicalresponse/service/EmergencyService.java:[28,27] cannot find symbol
  symbol:   method getStatus()
  location: variable requestDetails of type com.example.medicalresponse.model.EmergencyRequest
[ERROR] /Z:/hackathon/javaproject/javaproject/medical-response-backend/src/main/java/com/example/medicalresponse/service/EmergencyService.java:[29,45] cannot find symbol
  symbol:   method getStatus()
  location: variable requestDetails of type com.example.medicalresponse.model.EmergencyRequest
[ERROR] /Z:/hackathon/javaproject/javaproject/medical-response-backend/src/main/java/com/example/medicalresponse/service/EmergencyService.java:[31,27] cannot find symbol
  symbol:   method getAssignedAmbulanceId()
  location: variable requestDetails of type com.example.medicalresponse.model.EmergencyRequest
[ERROR] /Z:/hackathon/javaproject/javaproject/medical-response-backend/src/main/java/com/example/medicalresponse/service/EmergencyService.java:[32,58] cannot find symbol
  symbol:   method getAssignedAmbulanceId()
  location: variable requestDetails of type com.example.medicalresponse.model.EmergencyRequest
[INFO] 8 errors 
[INFO] -------------------------------------------------------------
[INFO] ------------------------------------------------------------------------
[INFO] BUILD FAILURE
[INFO] ------------------------------------------------------------------------
[INFO] Total time:  2.400 s
[INFO] Finished at: 2026-01-08T21:53:06+05:30
[INFO] ------------------------------------------------------------------------
[ERROR] Failed to execute goal org.apache.maven.plugins:maven-compiler-plugin:3.11.0:compile (default-compile) on project medical-response-backend: Compilation failure: Compilation failure: 
[ERROR] /Z:/hackathon/javaproject/javaproject/medical-response-backend/src/main/java/com/example/medicalresponse/service/UserService.java:[15,47] cannot find symbol
[ERROR]   symbol:   method getUsername()
[ERROR]   location: variable user of type com.example.medicalresponse.model.User
[ERROR] /Z:/hackathon/javaproject/javaproject/medical-response-backend/src/main/java/com/example/medicalresponse/service/UserService.java:[18,44] cannot find symbol
[ERROR]   symbol:   method getEmail()
[ERROR]   location: variable user of type com.example.medicalresponse.model.User
[ERROR] /Z:/hackathon/javaproject/javaproject/medical-response-backend/src/main/java/com/example/medicalresponse/service/UserService.java:[27,31] cannot find symbol
[ERROR]   symbol:   method getPassword()
[ERROR]   location: variable u of type com.example.medicalresponse.model.User
[ERROR] /Z:/hackathon/javaproject/javaproject/medical-response-backend/src/main/java/com/example/medicalresponse/service/EmergencyService.java:[17,16] cannot find symbol
[ERROR]   symbol:   method setStatus(java.lang.String)
[ERROR]   location: variable request of type com.example.medicalresponse.model.EmergencyRequest
[ERROR] /Z:/hackathon/javaproject/javaproject/medical-response-backend/src/main/java/com/example/medicalresponse/service/EmergencyService.java:[28,27] cannot find symbol
[ERROR]   symbol:   method getStatus()
[ERROR]   location: variable requestDetails of type com.example.medicalresponse.model.EmergencyRequest
[ERROR] /Z:/hackathon/javaproject/javaproject/medical-response-backend/src/main/java/com/example/medicalresponse/service/EmergencyService.java:[29,45] cannot find symbol
[ERROR]   symbol:   method getStatus()
[ERROR]   location: variable requestDetails of type com.example.medicalresponse.model.EmergencyRequest
[ERROR] /Z:/hackathon/javaproject/javaproject/medical-response-backend/src/main/java/com/example/medicalresponse/service/EmergencyService.java:[31,27] cannot find symbol
[ERROR]   symbol:   method getAssignedAmbulanceId()
[ERROR]   location: variable requestDetails of type com.example.medicalresponse.model.EmergencyRequest
[ERROR] /Z:/hackathon/javaproject/javaproject/medical-response-backend/src/main/java/com/example/medicalresponse/service/EmergencyService.java:[32,58] cannot find symbol
[ERROR]   symbol:   method getAssignedAmbulanceId()
[ERROR]   location: variable requestDetails of type com.example.medicalresponse.model.EmergencyRequest
[ERROR] -> [Help 1]
org.apache.maven.lifecycle.LifecycleExecutionException: Failed to execute goal org.apache.maven.plugins:maven-compiler-plugin:3.11.0:compile (default-compile) on project medical-response-backend: Compilation failure
    at org.apache.maven.lifecycle.internal.MojoExecutor.doExecute2 (MojoExecutor.java:333)
    at org.apache.maven.lifecycle.internal.MojoExecutor.doExecute (MojoExecutor.java:316)
    at org.apache.maven.lifecycle.internal.MojoExecutor.execute (MojoExecutor.java:212)
    at org.apache.maven.lifecycle.internal.MojoExecutor.execute (MojoExecutor.java:174)
    at org.apache.maven.lifecycle.internal.MojoExecutor.access$000 (MojoExecutor.java:75)
    at org.apache.maven.lifecycle.internal.MojoExecutor$1.run (MojoExecutor.java:162)
    at org.apache.maven.plugin.DefaultMojosExecutionStrategy.execute (DefaultMojosExecutionStrategy.java:39)
    at org.apache.maven.lifecycle.internal.MojoExecutor.execute (MojoExecutor.java:159)
    at org.apache.maven.lifecycle.internal.LifecycleModuleBuilder.buildProject (LifecycleModuleBuilder.java:105)
    at org.apache.maven.lifecycle.internal.LifecycleModuleBuilder.buildProject (LifecycleModuleBuilder.java:73)
    at org.apache.maven.lifecycle.internal.builder.singlethreaded.SingleThreadedBuilder.build (SingleThreadedBuilder.java:53)
    at org.apache.maven.lifecycle.internal.LifecycleStarter.execute (LifecycleStarter.java:118)
    at org.apache.maven.DefaultMaven.doExecute (DefaultMaven.java:261)
    at org.apache.maven.DefaultMaven.doExecute (DefaultMaven.java:173)
    at org.apache.maven.DefaultMaven.execute (DefaultMaven.java:101)
    at org.apache.maven.cli.MavenCli.execute (MavenCli.java:919)
    at org.apache.maven.cli.MavenCli.doMain (MavenCli.java:285)
    at org.apache.maven.cli.MavenCli.main (MavenCli.java:207)
    at jdk.internal.reflect.DirectMethodHandleAccessor.invoke (DirectMethodHandleAccessor.java:104)
    at java.lang.reflect.Method.invoke (Method.java:565)
    at org.codehaus.plexus.classworlds.launcher.Launcher.launchEnhanced (Launcher.java:255)
    at org.codehaus.plexus.classworlds.launcher.Launcher.launch (Launcher.java:201)
    at org.codehaus.plexus.classworlds.launcher.Launcher.mainWithExitCode (Launcher.java:361)
    at org.codehaus.plexus.classworlds.launcher.Launcher.main (Launcher.java:314)
Caused by: org.apache.maven.plugin.compiler.CompilationFailureException: Compilation failure
    at org.apache.maven.plugin.compiler.AbstractCompilerMojo.execute (AbstractCompilerMojo.java:1212)
    at org.apache.maven.plugin.compiler.CompilerMojo.execute (CompilerMojo.java:193)
    at org.apache.maven.plugin.DefaultBuildPluginManager.executeMojo (DefaultBuildPluginManager.java:126)
    at org.apache.maven.lifecycle.internal.MojoExecutor.doExecute2 (MojoExecutor.java:328)
    at org.apache.maven.lifecycle.internal.MojoExecutor.doExecute (MojoExecutor.java:316)
    at org.apache.maven.lifecycle.internal.MojoExecutor.execute (MojoExecutor.java:212)
    at org.apache.maven.lifecycle.internal.MojoExecutor.execute (MojoExecutor.java:174)
    at org.apache.maven.lifecycle.internal.MojoExecutor.access$000 (MojoExecutor.java:75)
    at org.apache.maven.lifecycle.internal.MojoExecutor$1.run (MojoExecutor.java:162)
    at org.apache.maven.plugin.DefaultMojosExecutionStrategy.execute (DefaultMojosExecutionStrategy.java:39)
    at org.apache.maven.lifecycle.internal.MojoExecutor.execute (MojoExecutor.java:159)
    at org.apache.maven.lifecycle.internal.LifecycleModuleBuilder.buildProject (LifecycleModuleBuilder.java:105)
    at org.apache.maven.lifecycle.internal.LifecycleModuleBuilder.buildProject (LifecycleModuleBuilder.java:73)
    at org.apache.maven.lifecycle.internal.builder.singlethreaded.SingleThreadedBuilder.build (SingleThreadedBuilder.java:53)
    at org.apache.maven.lifecycle.internal.LifecycleStarter.execute (LifecycleStarter.java:118)
    at org.apache.maven.DefaultMaven.doExecute (DefaultMaven.java:261)
    at org.apache.maven.DefaultMaven.doExecute (DefaultMaven.java:173)
    at org.apache.maven.DefaultMaven.execute (DefaultMaven.java:101)
    at org.apache.maven.cli.MavenCli.execute (MavenCli.java:919)
    at org.apache.maven.cli.MavenCli.doMain (MavenCli.java:285)
    at org.apache.maven.cli.MavenCli.main (MavenCli.java:207)
    at jdk.internal.reflect.DirectMethodHandleAccessor.invoke (DirectMethodHandleAccessor.java:104)
    at java.lang.reflect.Method.invoke (Method.java:565)
    at org.codehaus.plexus.classworlds.launcher.Launcher.launchEnhanced (Launcher.java:255)
    at org.codehaus.plexus.classworlds.launcher.Launcher.launch (Launcher.java:201)
    at org.codehaus.plexus.classworlds.launcher.Launcher.mainWithExitCode (Launcher.java:361)
    at org.codehaus.plexus.classworlds.launcher.Launcher.main (Launcher.java:314)
[ERROR] 
[ERROR] Re-run Maven using the -X switch to enable full debug logging.
[ERROR] 
[ERROR] For more information about the errors and possible solutions, please read the following articles:
[ERROR] [Help 1] http://cwiki.apache.org/confluence/display/MAVEN/MojoFailureException
